#
# There is insufficient memory for the Java Runtime Environment to continue.
# Native memory allocation (malloc) failed to allocate 579856 bytes for Chunk::new
# Possible reasons:
#   The system is out of physical RAM or swap space
#   The process is running with CompressedOops enabled, and the Java Heap may be blocking the growth of the native heap
# Possible solutions:
#   Reduce memory load on the system
#   Increase physical memory or swap space
#   Check if swap backing store is full
#   Decrease Java heap size (-Xmx/-Xms)
#   Decrease number of Java threads
#   Decrease Java thread stack sizes (-Xss)
#   Set larger code cache with -XX:ReservedCodeCacheSize=
#   JVM is running with Unscaled Compressed Oops mode in which the Java heap is
#     placed in the first 4GB address space. The Java Heap base address is the
#     maximum limit for the native heap growth. Please use -XX:HeapBaseMinAddress
#     to set the Java Heap base and to place the Java Heap above 4GB virtual address.
# This output file may be truncated or incomplete.
#
#  Out of Memory Error (arena.cpp:184), pid=16960, tid=18388
#
# JRE version: Java(TM) SE Runtime Environment (20.0+36) (build 20+36-2344)
# Java VM: Java HotSpot(TM) 64-Bit Server VM (20+36-2344, mixed mode, sharing, tiered, compressed oops, compressed class ptrs, g1 gc, windows-amd64)
# No core dump will be written. Minidumps are not enabled by default on client versions of Windows
#

---------------  S U M M A R Y ------------

Command Line: -Dfile.encoding=UTF-8 --module-path=C:\Users\SMP2K2\eclipse-workspace\Project\out\production\Project;C:\Users\SMP2K2\Downloads\sqlite-jdbc-3.41.2.1.jar -XX:+ShowCodeDetailsInExceptionMessages -Djdk.module.main=Project Project/com.company.LpAirline

Host: Intel(R) Core(TM) i5-6300U CPU @ 2.40GHz, 4 cores, 7G,  Windows 11 , 64 bit Build 22621 (10.0.22621.1485)
Time: Thu May 11 12:35:22 2023 Pakistan Standard Time elapsed time: 25.434090 seconds (0d 0h 0m 25s)

---------------  T H R E A D  ---------------

Current thread (0x00000268fce42830):  JavaThread "C2 CompilerThread1" daemon [_thread_in_native, id=18388, stack(0x000000a471a00000,0x000000a471b00000)]


Current CompileTask:
C2:  25434 2111   !   4       sun.awt.PostEventQueue::flush (168 bytes)

Stack: [0x000000a471a00000,0x000000a471b00000]
Native frames: (J=compiled Java code, j=interpreted, Vv=VM code, C=native code)
V  [jvm.dll+0x6bb95a]
V  [jvm.dll+0x8483aa]
V  [jvm.dll+0x849fa5]
V  [jvm.dll+0x84a6a3]
V  [jvm.dll+0x280b0f]
V  [jvm.dll+0xc2b11]
V  [jvm.dll+0xc2e35]
V  [jvm.dll+0x3bb142]
V  [jvm.dll+0x1e6c43]
V  [jvm.dll+0x24b3ab]
V  [jvm.dll+0x24a651]
V  [jvm.dll+0x1ce491]
V  [jvm.dll+0x259e1b]
V  [jvm.dll+0x2584f0]
V  [jvm.dll+0x3f2895]
V  [jvm.dll+0x7f4906]
V  [jvm.dll+0x6ba5cb]
C  [ucrtbase.dll+0x29363]
C  [KERNEL32.DLL+0x1269d]
C  [ntdll.dll+0x5a9f8]


---------------  P R O C E S S  ---------------

Threads class SMR info:
_java_thread_list=0x00000268fcc9a530, length=17, elements={
0x00000268f6ba2f30, 0x00000268f6ba41b0, 0x00000268f6ba5560, 0x00000268f6ba5ea0,
0x00000268f6ba8db0, 0x00000268f6baa310, 0x00000268f6bab200, 0x00000268f6bfe720,
0x00000268f6b6f840, 0x00000268fae69a60, 0x00000268fafab2c0, 0x00000268fafab810,
0x00000268fafabe30, 0x00000268fc8b1080, 0x00000268d8b2b3e0, 0x00000268fc9c83f0,
0x00000268fce42830
}

Java Threads: ( => current thread )
  0x00000268f6ba2f30 JavaThread "Reference Handler" daemon [_thread_blocked, id=16640, stack(0x000000a470c00000,0x000000a470d00000)]
  0x00000268f6ba41b0 JavaThread "Finalizer" daemon [_thread_blocked, id=16432, stack(0x000000a470d00000,0x000000a470e00000)]
  0x00000268f6ba5560 JavaThread "Signal Dispatcher" daemon [_thread_blocked, id=9568, stack(0x000000a470e00000,0x000000a470f00000)]
  0x00000268f6ba5ea0 JavaThread "Attach Listener" daemon [_thread_blocked, id=16400, stack(0x000000a470f00000,0x000000a471000000)]
  0x00000268f6ba8db0 JavaThread "Service Thread" daemon [_thread_blocked, id=17052, stack(0x000000a471000000,0x000000a471100000)]
  0x00000268f6baa310 JavaThread "Monitor Deflation Thread" daemon [_thread_blocked, id=17484, stack(0x000000a471100000,0x000000a471200000)]
  0x00000268f6bab200 JavaThread "C2 CompilerThread0" daemon [_thread_blocked, id=17548, stack(0x000000a471200000,0x000000a471300000)]
  0x00000268f6bfe720 JavaThread "C1 CompilerThread0" daemon [_thread_blocked, id=18344, stack(0x000000a471300000,0x000000a471400000)]
  0x00000268f6b6f840 JavaThread "Common-Cleaner" daemon [_thread_blocked, id=17524, stack(0x000000a471400000,0x000000a471500000)]
  0x00000268fae69a60 JavaThread "Notification Thread" daemon [_thread_blocked, id=17956, stack(0x000000a471500000,0x000000a471600000)]
  0x00000268fafab2c0 JavaThread "Java2D Disposer" daemon [_thread_blocked, id=16472, stack(0x000000a471700000,0x000000a471800000)]
  0x00000268fafab810 JavaThread "AWT-Shutdown" [_thread_blocked, id=17640, stack(0x000000a471800000,0x000000a471900000)]
  0x00000268fafabe30 JavaThread "AWT-Windows" daemon [_thread_in_native, id=12792, stack(0x000000a471900000,0x000000a471a00000)]
  0x00000268fc8b1080 JavaThread "AWT-EventQueue-0" [_thread_in_Java, id=17892, stack(0x000000a471c00000,0x000000a471d00000)]
  0x00000268d8b2b3e0 JavaThread "DestroyJavaVM" [_thread_blocked, id=18324, stack(0x000000a470500000,0x000000a470600000)]
  0x00000268fc9c83f0 JavaThread "TimerQueue" daemon [_thread_blocked, id=17700, stack(0x000000a472000000,0x000000a472100000)]
=>0x00000268fce42830 JavaThread "C2 CompilerThread1" daemon [_thread_in_native, id=18388, stack(0x000000a471a00000,0x000000a471b00000)]

Other Threads:
  0x00000268f6b85b90 VMThread "VM Thread" [stack: 0x000000a470b00000,0x000000a470c00000] [id=10760]
  0x00000268faddfa50 WatcherThread "VM Periodic Task Thread" [stack: 0x000000a471600000,0x000000a471700000] [id=15412]
  0x00000268d8b89f60 WorkerThread "GC Thread#0" [stack: 0x000000a470600000,0x000000a470700000] [id=16796]
  0x00000268fc9de0d0 WorkerThread "GC Thread#1" [stack: 0x000000a472100000,0x000000a472200000] [id=8660]
  0x00000268fc9de3a0 WorkerThread "GC Thread#2" [stack: 0x000000a472200000,0x000000a472300000] [id=10756]
  0x00000268fc9de670 WorkerThread "GC Thread#3" [stack: 0x000000a472300000,0x000000a472400000] [id=17204]
  0x00000268d8b9b590 ConcurrentGCThread "G1 Main Marker" [stack: 0x000000a470700000,0x000000a470800000] [id=7740]
  0x00000268d8b9bfd0 WorkerThread "G1 Conc#0" [stack: 0x000000a470800000,0x000000a470900000] [id=3168]
  0x00000268f6a330d0 ConcurrentGCThread "G1 Refine#0" [stack: 0x000000a470900000,0x000000a470a00000] [id=17584]
  0x00000268f6a33a70 ConcurrentGCThread "G1 Service" [stack: 0x000000a470a00000,0x000000a470b00000] [id=17592]

Threads with active compile tasks:
C2 CompilerThread1    25537 2111   !   4       sun.awt.PostEventQueue::flush (168 bytes)

VM state: not at safepoint (normal execution)

VM Mutex/Monitor currently owned by a thread: None

Heap address: 0x0000000081c00000, size: 2020 MB, Compressed Oops mode: 32-bit

CDS archive(s) mapped at: [0x0000000800000000-0x0000000800c60000-0x0000000800c60000), size 12976128, SharedBaseAddress: 0x0000000800000000, ArchiveRelocationMode: 0.
Compressed class space mapped at: 0x0000000801000000-0x0000000841000000, reserved size: 1073741824
Narrow klass base: 0x0000000800000000, Narrow klass shift: 0, Narrow klass range: 0x100000000

GC Precious Log:
 CardTable entry size: 512
 Card Set container configuration: InlinePtr #cards 5 size 8 Array Of Cards #cards 12 size 40 Howl #buckets 4 coarsen threshold 1843 Howl Bitmap #cards 512 size 80 coarsen threshold 460 Card regions per heap region 1 cards per card region 2048
 CPUs: 4 total, 4 available
 Memory: 8076M
 Large Page Support: Disabled
 NUMA Support: Disabled
 Compressed Oops: Enabled (32-bit)
 Heap Region Size: 1M
 Heap Min Capacity: 8M
 Heap Initial Capacity: 128M
 Heap Max Capacity: 2020M
 Pre-touch: Disabled
 Parallel Workers: 4
 Concurrent Workers: 1
 Concurrent Refinement Workers: 4
 Periodic GC: Disabled

Heap:
 garbage-first heap   total 131072K, used 31056K [0x0000000081c00000, 0x0000000100000000)
  region size 1024K, 15 young (15360K), 2 survivors (2048K)
 Metaspace       used 12812K, committed 13056K, reserved 1114112K
  class space    used 1430K, committed 1536K, reserved 1048576K

Heap Regions: E=young(eden), S=young(survivor), O=old, HS=humongous(starts), HC=humongous(continues), CS=collection set, F=free, OA=open archive, CA=closed archive, TAMS=top-at-mark-start, PB=parsable bottom
|   0|0x0000000081c00000, 0x0000000081d00000, 0x0000000081d00000|100%|HS|  |TAMS 0x0000000081c00000| PB 0x0000000081c00000| Complete 
|   1|0x0000000081d00000, 0x0000000081e00000, 0x0000000081e00000|100%|HC|  |TAMS 0x0000000081d00000| PB 0x0000000081d00000| Complete 
|   2|0x0000000081e00000, 0x0000000081f00000, 0x0000000081f00000|100%|HC|  |TAMS 0x0000000081e00000| PB 0x0000000081e00000| Complete 
|   3|0x0000000081f00000, 0x0000000082000000, 0x0000000082000000|100%|HC|  |TAMS 0x0000000081f00000| PB 0x0000000081f00000| Complete 
|   4|0x0000000082000000, 0x0000000082100000, 0x0000000082100000|100%|HC|  |TAMS 0x0000000082000000| PB 0x0000000082000000| Complete 
|   5|0x0000000082100000, 0x0000000082200000, 0x0000000082200000|100%| O|  |TAMS 0x0000000082100000| PB 0x0000000082100000| Untracked 
|   6|0x0000000082200000, 0x0000000082254200, 0x0000000082300000| 32%| O|  |TAMS 0x0000000082200000| PB 0x0000000082200000| Untracked 
|   7|0x0000000082300000, 0x0000000082400000, 0x0000000082400000|100%|HS|  |TAMS 0x0000000082300000| PB 0x0000000082300000| Complete 
|   8|0x0000000082400000, 0x0000000082500000, 0x0000000082500000|100%|HC|  |TAMS 0x0000000082400000| PB 0x0000000082400000| Complete 
|   9|0x0000000082500000, 0x0000000082600000, 0x0000000082600000|100%|HC|  |TAMS 0x0000000082500000| PB 0x0000000082500000| Complete 
|  10|0x0000000082600000, 0x0000000082700000, 0x0000000082700000|100%|HS|  |TAMS 0x0000000082600000| PB 0x0000000082600000| Complete 
|  11|0x0000000082700000, 0x0000000082800000, 0x0000000082800000|100%|HC|  |TAMS 0x0000000082700000| PB 0x0000000082700000| Complete 
|  12|0x0000000082800000, 0x0000000082900000, 0x0000000082900000|100%|HC|  |TAMS 0x0000000082800000| PB 0x0000000082800000| Complete 
|  13|0x0000000082900000, 0x0000000082a00000, 0x0000000082a00000|100%|HC|  |TAMS 0x0000000082900000| PB 0x0000000082900000| Complete 
|  14|0x0000000082a00000, 0x0000000082b00000, 0x0000000082b00000|100%|HC|  |TAMS 0x0000000082a00000| PB 0x0000000082a00000| Complete 
|  15|0x0000000082b00000, 0x0000000082c00000, 0x0000000082c00000|100%|HC|  |TAMS 0x0000000082b00000| PB 0x0000000082b00000| Complete 
|  16|0x0000000082c00000, 0x0000000082d00000, 0x0000000082d00000|100%|HC|  |TAMS 0x0000000082c00000| PB 0x0000000082c00000| Complete 
|  17|0x0000000082d00000, 0x0000000082d00000, 0x0000000082e00000|  0%| F|  |TAMS 0x0000000082d00000| PB 0x0000000082d00000| Untracked 
|  18|0x0000000082e00000, 0x0000000082e00000, 0x0000000082f00000|  0%| F|  |TAMS 0x0000000082e00000| PB 0x0000000082e00000| Untracked 
|  19|0x0000000082f00000, 0x0000000082f00000, 0x0000000083000000|  0%| F|  |TAMS 0x0000000082f00000| PB 0x0000000082f00000| Untracked 
|  20|0x0000000083000000, 0x0000000083000000, 0x0000000083100000|  0%| F|  |TAMS 0x0000000083000000| PB 0x0000000083000000| Untracked 
|  21|0x0000000083100000, 0x0000000083100000, 0x0000000083200000|  0%| F|  |TAMS 0x0000000083100000| PB 0x0000000083100000| Untracked 
|  22|0x0000000083200000, 0x0000000083200000, 0x0000000083300000|  0%| F|  |TAMS 0x0000000083200000| PB 0x0000000083200000| Untracked 
|  23|0x0000000083300000, 0x0000000083300000, 0x0000000083400000|  0%| F|  |TAMS 0x0000000083300000| PB 0x0000000083300000| Untracked 
|  24|0x0000000083400000, 0x0000000083400000, 0x0000000083500000|  0%| F|  |TAMS 0x0000000083400000| PB 0x0000000083400000| Untracked 
|  25|0x0000000083500000, 0x0000000083500000, 0x0000000083600000|  0%| F|  |TAMS 0x0000000083500000| PB 0x0000000083500000| Untracked 
|  26|0x0000000083600000, 0x0000000083600000, 0x0000000083700000|  0%| F|  |TAMS 0x0000000083600000| PB 0x0000000083600000| Untracked 
|  27|0x0000000083700000, 0x0000000083700000, 0x0000000083800000|  0%| F|  |TAMS 0x0000000083700000| PB 0x0000000083700000| Untracked 
|  28|0x0000000083800000, 0x0000000083800000, 0x0000000083900000|  0%| F|  |TAMS 0x0000000083800000| PB 0x0000000083800000| Untracked 
|  29|0x0000000083900000, 0x0000000083900000, 0x0000000083a00000|  0%| F|  |TAMS 0x0000000083900000| PB 0x0000000083900000| Untracked 
|  30|0x0000000083a00000, 0x0000000083a00000, 0x0000000083b00000|  0%| F|  |TAMS 0x0000000083a00000| PB 0x0000000083a00000| Untracked 
|  31|0x0000000083b00000, 0x0000000083b00000, 0x0000000083c00000|  0%| F|  |TAMS 0x0000000083b00000| PB 0x0000000083b00000| Untracked 
|  32|0x0000000083c00000, 0x0000000083c00000, 0x0000000083d00000|  0%| F|  |TAMS 0x0000000083c00000| PB 0x0000000083c00000| Untracked 
|  33|0x0000000083d00000, 0x0000000083d00000, 0x0000000083e00000|  0%| F|  |TAMS 0x0000000083d00000| PB 0x0000000083d00000| Untracked 
|  34|0x0000000083e00000, 0x0000000083e00000, 0x0000000083f00000|  0%| F|  |TAMS 0x0000000083e00000| PB 0x0000000083e00000| Untracked 
|  35|0x0000000083f00000, 0x0000000083f00000, 0x0000000084000000|  0%| F|  |TAMS 0x0000000083f00000| PB 0x0000000083f00000| Untracked 
|  36|0x0000000084000000, 0x0000000084000000, 0x0000000084100000|  0%| F|  |TAMS 0x0000000084000000| PB 0x0000000084000000| Untracked 
|  37|0x0000000084100000, 0x0000000084100000, 0x0000000084200000|  0%| F|  |TAMS 0x0000000084100000| PB 0x0000000084100000| Untracked 
|  38|0x0000000084200000, 0x0000000084200000, 0x0000000084300000|  0%| F|  |TAMS 0x0000000084200000| PB 0x0000000084200000| Untracked 
|  39|0x0000000084300000, 0x0000000084300000, 0x0000000084400000|  0%| F|  |TAMS 0x0000000084300000| PB 0x0000000084300000| Untracked 
|  40|0x0000000084400000, 0x0000000084400000, 0x0000000084500000|  0%| F|  |TAMS 0x0000000084400000| PB 0x0000000084400000| Untracked 
|  41|0x0000000084500000, 0x0000000084500000, 0x0000000084600000|  0%| F|  |TAMS 0x0000000084500000| PB 0x0000000084500000| Untracked 
|  42|0x0000000084600000, 0x0000000084600000, 0x0000000084700000|  0%| F|  |TAMS 0x0000000084600000| PB 0x0000000084600000| Untracked 
|  43|0x0000000084700000, 0x0000000084700000, 0x0000000084800000|  0%| F|  |TAMS 0x0000000084700000| PB 0x0000000084700000| Untracked 
|  44|0x0000000084800000, 0x0000000084800000, 0x0000000084900000|  0%| F|  |TAMS 0x0000000084800000| PB 0x0000000084800000| Untracked 
|  45|0x0000000084900000, 0x0000000084900000, 0x0000000084a00000|  0%| F|  |TAMS 0x0000000084900000| PB 0x0000000084900000| Untracked 
|  46|0x0000000084a00000, 0x0000000084a00000, 0x0000000084b00000|  0%| F|  |TAMS 0x0000000084a00000| PB 0x0000000084a00000| Untracked 
|  47|0x0000000084b00000, 0x0000000084b00000, 0x0000000084c00000|  0%| F|  |TAMS 0x0000000084b00000| PB 0x0000000084b00000| Untracked 
|  48|0x0000000084c00000, 0x0000000084c00000, 0x0000000084d00000|  0%| F|  |TAMS 0x0000000084c00000| PB 0x0000000084c00000| Untracked 
|  49|0x0000000084d00000, 0x0000000084d00000, 0x0000000084e00000|  0%| F|  |TAMS 0x0000000084d00000| PB 0x0000000084d00000| Untracked 
|  50|0x0000000084e00000, 0x0000000084e00000, 0x0000000084f00000|  0%| F|  |TAMS 0x0000000084e00000| PB 0x0000000084e00000| Untracked 
|  51|0x0000000084f00000, 0x0000000084f00000, 0x0000000085000000|  0%| F|  |TAMS 0x0000000084f00000| PB 0x0000000084f00000| Untracked 
|  52|0x0000000085000000, 0x0000000085000000, 0x0000000085100000|  0%| F|  |TAMS 0x0000000085000000| PB 0x0000000085000000| Untracked 
|  53|0x0000000085100000, 0x0000000085100000, 0x0000000085200000|  0%| F|  |TAMS 0x0000000085100000| PB 0x0000000085100000| Untracked 
|  54|0x0000000085200000, 0x0000000085200000, 0x0000000085300000|  0%| F|  |TAMS 0x0000000085200000| PB 0x0000000085200000| Untracked 
|  55|0x0000000085300000, 0x0000000085300000, 0x0000000085400000|  0%| F|  |TAMS 0x0000000085300000| PB 0x0000000085300000| Untracked 
|  56|0x0000000085400000, 0x0000000085400000, 0x0000000085500000|  0%| F|  |TAMS 0x0000000085400000| PB 0x0000000085400000| Untracked 
|  57|0x0000000085500000, 0x0000000085500000, 0x0000000085600000|  0%| F|  |TAMS 0x0000000085500000| PB 0x0000000085500000| Untracked 
|  58|0x0000000085600000, 0x0000000085600000, 0x0000000085700000|  0%| F|  |TAMS 0x0000000085600000| PB 0x0000000085600000| Untracked 
|  59|0x0000000085700000, 0x0000000085700000, 0x0000000085800000|  0%| F|  |TAMS 0x0000000085700000| PB 0x0000000085700000| Untracked 
|  60|0x0000000085800000, 0x0000000085800000, 0x0000000085900000|  0%| F|  |TAMS 0x0000000085800000| PB 0x0000000085800000| Untracked 
|  61|0x0000000085900000, 0x0000000085900000, 0x0000000085a00000|  0%| F|  |TAMS 0x0000000085900000| PB 0x0000000085900000| Untracked 
|  62|0x0000000085a00000, 0x0000000085a00000, 0x0000000085b00000|  0%| F|  |TAMS 0x0000000085a00000| PB 0x0000000085a00000| Untracked 
|  63|0x0000000085b00000, 0x0000000085b00000, 0x0000000085c00000|  0%| F|  |TAMS 0x0000000085b00000| PB 0x0000000085b00000| Untracked 
|  64|0x0000000085c00000, 0x0000000085c00000, 0x0000000085d00000|  0%| F|  |TAMS 0x0000000085c00000| PB 0x0000000085c00000| Untracked 
|  65|0x0000000085d00000, 0x0000000085d00000, 0x0000000085e00000|  0%| F|  |TAMS 0x0000000085d00000| PB 0x0000000085d00000| Untracked 
|  66|0x0000000085e00000, 0x0000000085e00000, 0x0000000085f00000|  0%| F|  |TAMS 0x0000000085e00000| PB 0x0000000085e00000| Untracked 
|  67|0x0000000085f00000, 0x0000000085f00000, 0x0000000086000000|  0%| F|  |TAMS 0x0000000085f00000| PB 0x0000000085f00000| Untracked 
|  68|0x0000000086000000, 0x0000000086000000, 0x0000000086100000|  0%| F|  |TAMS 0x0000000086000000| PB 0x0000000086000000| Untracked 
|  69|0x0000000086100000, 0x0000000086100000, 0x0000000086200000|  0%| F|  |TAMS 0x0000000086100000| PB 0x0000000086100000| Untracked 
|  70|0x0000000086200000, 0x0000000086200000, 0x0000000086300000|  0%| F|  |TAMS 0x0000000086200000| PB 0x0000000086200000| Untracked 
|  71|0x0000000086300000, 0x0000000086300000, 0x0000000086400000|  0%| F|  |TAMS 0x0000000086300000| PB 0x0000000086300000| Untracked 
|  72|0x0000000086400000, 0x0000000086400000, 0x0000000086500000|  0%| F|  |TAMS 0x0000000086400000| PB 0x0000000086400000| Untracked 
|  73|0x0000000086500000, 0x0000000086500000, 0x0000000086600000|  0%| F|  |TAMS 0x0000000086500000| PB 0x0000000086500000| Untracked 
|  74|0x0000000086600000, 0x0000000086600000, 0x0000000086700000|  0%| F|  |TAMS 0x0000000086600000| PB 0x0000000086600000| Untracked 
|  75|0x0000000086700000, 0x0000000086700000, 0x0000000086800000|  0%| F|  |TAMS 0x0000000086700000| PB 0x0000000086700000| Untracked 
|  76|0x0000000086800000, 0x0000000086800000, 0x0000000086900000|  0%| F|  |TAMS 0x0000000086800000| PB 0x0000000086800000| Untracked 
|  77|0x0000000086900000, 0x0000000086900000, 0x0000000086a00000|  0%| F|  |TAMS 0x0000000086900000| PB 0x0000000086900000| Untracked 
|  78|0x0000000086a00000, 0x0000000086a00000, 0x0000000086b00000|  0%| F|  |TAMS 0x0000000086a00000| PB 0x0000000086a00000| Untracked 
|  79|0x0000000086b00000, 0x0000000086b00000, 0x0000000086c00000|  0%| F|  |TAMS 0x0000000086b00000| PB 0x0000000086b00000| Untracked 
|  80|0x0000000086c00000, 0x0000000086c00000, 0x0000000086d00000|  0%| F|  |TAMS 0x0000000086c00000| PB 0x0000000086c00000| Untracked 
|  81|0x0000000086d00000, 0x0000000086d00000, 0x0000000086e00000|  0%| F|  |TAMS 0x0000000086d00000| PB 0x0000000086d00000| Untracked 
|  82|0x0000000086e00000, 0x0000000086e00000, 0x0000000086f00000|  0%| F|  |TAMS 0x0000000086e00000| PB 0x0000000086e00000| Untracked 
|  83|0x0000000086f00000, 0x0000000086f00000, 0x0000000087000000|  0%| F|  |TAMS 0x0000000086f00000| PB 0x0000000086f00000| Untracked 
|  84|0x0000000087000000, 0x0000000087000000, 0x0000000087100000|  0%| F|  |TAMS 0x0000000087000000| PB 0x0000000087000000| Untracked 
|  85|0x0000000087100000, 0x0000000087100000, 0x0000000087200000|  0%| F|  |TAMS 0x0000000087100000| PB 0x0000000087100000| Untracked 
|  86|0x0000000087200000, 0x0000000087200000, 0x0000000087300000|  0%| F|  |TAMS 0x0000000087200000| PB 0x0000000087200000| Untracked 
|  87|0x0000000087300000, 0x0000000087300000, 0x0000000087400000|  0%| F|  |TAMS 0x0000000087300000| PB 0x0000000087300000| Untracked 
|  88|0x0000000087400000, 0x0000000087400000, 0x0000000087500000|  0%| F|  |TAMS 0x0000000087400000| PB 0x0000000087400000| Untracked 
|  89|0x0000000087500000, 0x0000000087500000, 0x0000000087600000|  0%| F|  |TAMS 0x0000000087500000| PB 0x0000000087500000| Untracked 
|  90|0x0000000087600000, 0x0000000087600000, 0x0000000087700000|  0%| F|  |TAMS 0x0000000087600000| PB 0x0000000087600000| Untracked 
|  91|0x0000000087700000, 0x0000000087700000, 0x0000000087800000|  0%| F|  |TAMS 0x0000000087700000| PB 0x0000000087700000| Untracked 
|  92|0x0000000087800000, 0x0000000087800000, 0x0000000087900000|  0%| F|  |TAMS 0x0000000087800000| PB 0x0000000087800000| Untracked 
|  93|0x0000000087900000, 0x0000000087900000, 0x0000000087a00000|  0%| F|  |TAMS 0x0000000087900000| PB 0x0000000087900000| Untracked 
|  94|0x0000000087a00000, 0x0000000087a00000, 0x0000000087b00000|  0%| F|  |TAMS 0x0000000087a00000| PB 0x0000000087a00000| Untracked 
|  95|0x0000000087b00000, 0x0000000087b00000, 0x0000000087c00000|  0%| F|  |TAMS 0x0000000087b00000| PB 0x0000000087b00000| Untracked 
|  96|0x0000000087c00000, 0x0000000087c00000, 0x0000000087d00000|  0%| F|  |TAMS 0x0000000087c00000| PB 0x0000000087c00000| Untracked 
|  97|0x0000000087d00000, 0x0000000087d00000, 0x0000000087e00000|  0%| F|  |TAMS 0x0000000087d00000| PB 0x0000000087d00000| Untracked 
|  98|0x0000000087e00000, 0x0000000087e00000, 0x0000000087f00000|  0%| F|  |TAMS 0x0000000087e00000| PB 0x0000000087e00000| Untracked 
|  99|0x0000000087f00000, 0x0000000087f00000, 0x0000000088000000|  0%| F|  |TAMS 0x0000000087f00000| PB 0x0000000087f00000| Untracked 
| 100|0x0000000088000000, 0x0000000088000000, 0x0000000088100000|  0%| F|  |TAMS 0x0000000088000000| PB 0x0000000088000000| Untracked 
| 101|0x0000000088100000, 0x0000000088100000, 0x0000000088200000|  0%| F|  |TAMS 0x0000000088100000| PB 0x0000000088100000| Untracked 
| 102|0x0000000088200000, 0x0000000088200000, 0x0000000088300000|  0%| F|  |TAMS 0x0000000088200000| PB 0x0000000088200000| Untracked 
| 103|0x0000000088300000, 0x0000000088300000, 0x0000000088400000|  0%| F|  |TAMS 0x0000000088300000| PB 0x0000000088300000| Untracked 
| 104|0x0000000088400000, 0x0000000088400000, 0x0000000088500000|  0%| F|  |TAMS 0x0000000088400000| PB 0x0000000088400000| Untracked 
| 105|0x0000000088500000, 0x0000000088500000, 0x0000000088600000|  0%| F|  |TAMS 0x0000000088500000| PB 0x0000000088500000| Untracked 
| 106|0x0000000088600000, 0x0000000088600000, 0x0000000088700000|  0%| F|  |TAMS 0x0000000088600000| PB 0x0000000088600000| Untracked 
| 107|0x0000000088700000, 0x0000000088700000, 0x0000000088800000|  0%| F|  |TAMS 0x0000000088700000| PB 0x0000000088700000| Untracked 
| 108|0x0000000088800000, 0x0000000088800000, 0x0000000088900000|  0%| F|  |TAMS 0x0000000088800000| PB 0x0000000088800000| Untracked 
| 109|0x0000000088900000, 0x0000000088900000, 0x0000000088a00000|  0%| F|  |TAMS 0x0000000088900000| PB 0x0000000088900000| Untracked 
| 110|0x0000000088a00000, 0x0000000088a00000, 0x0000000088b00000|  0%| F|  |TAMS 0x0000000088a00000| PB 0x0000000088a00000| Untracked 
| 111|0x0000000088b00000, 0x0000000088b00000, 0x0000000088c00000|  0%| F|  |TAMS 0x0000000088b00000| PB 0x0000000088b00000| Untracked 
| 112|0x0000000088c00000, 0x0000000088c00000, 0x0000000088d00000|  0%| F|  |TAMS 0x0000000088c00000| PB 0x0000000088c00000| Untracked 
| 113|0x0000000088d00000, 0x0000000088e00000, 0x0000000088e00000|100%| S|CS|TAMS 0x0000000088d00000| PB 0x0000000088d00000| Complete 
| 114|0x0000000088e00000, 0x0000000088f00000, 0x0000000088f00000|100%| S|CS|TAMS 0x0000000088e00000| PB 0x0000000088e00000| Complete 
| 115|0x0000000088f00000, 0x0000000088f4cea8, 0x0000000089000000| 30%| E|  |TAMS 0x0000000088f00000| PB 0x0000000088f00000| Complete 
| 116|0x0000000089000000, 0x0000000089100000, 0x0000000089100000|100%| E|CS|TAMS 0x0000000089000000| PB 0x0000000089000000| Complete 
| 117|0x0000000089100000, 0x0000000089200000, 0x0000000089200000|100%| E|CS|TAMS 0x0000000089100000| PB 0x0000000089100000| Complete 
| 118|0x0000000089200000, 0x0000000089300000, 0x0000000089300000|100%| E|CS|TAMS 0x0000000089200000| PB 0x0000000089200000| Complete 
| 119|0x0000000089300000, 0x0000000089400000, 0x0000000089400000|100%| E|CS|TAMS 0x0000000089300000| PB 0x0000000089300000| Complete 
| 120|0x0000000089400000, 0x0000000089500000, 0x0000000089500000|100%| E|CS|TAMS 0x0000000089400000| PB 0x0000000089400000| Complete 
| 121|0x0000000089500000, 0x0000000089600000, 0x0000000089600000|100%| E|CS|TAMS 0x0000000089500000| PB 0x0000000089500000| Complete 
| 122|0x0000000089600000, 0x0000000089700000, 0x0000000089700000|100%| E|CS|TAMS 0x0000000089600000| PB 0x0000000089600000| Complete 
| 123|0x0000000089700000, 0x0000000089800000, 0x0000000089800000|100%| E|CS|TAMS 0x0000000089700000| PB 0x0000000089700000| Complete 
| 124|0x0000000089800000, 0x0000000089900000, 0x0000000089900000|100%| E|CS|TAMS 0x0000000089800000| PB 0x0000000089800000| Complete 
| 125|0x0000000089900000, 0x0000000089a00000, 0x0000000089a00000|100%| E|CS|TAMS 0x0000000089900000| PB 0x0000000089900000| Complete 
| 126|0x0000000089a00000, 0x0000000089b00000, 0x0000000089b00000|100%| E|CS|TAMS 0x0000000089a00000| PB 0x0000000089a00000| Complete 
| 127|0x0000000089b00000, 0x0000000089c00000, 0x0000000089c00000|100%| E|CS|TAMS 0x0000000089b00000| PB 0x0000000089b00000| Complete 

Card table byte_map: [0x00000268f1de0000,0x00000268f21e0000] _byte_map_base: 0x00000268f19d2000

Marking Bits: (CMBitMap*) 0x00000268d8b8a590
 Bits: [0x00000268f25e0000, 0x00000268f4570000)

Polling page: 0x00000268d8bf0000

Metaspace:

Usage:
  Non-class:     11.12 MB used.
      Class:      1.40 MB used.
       Both:     12.51 MB used.

Virtual space:
  Non-class space:       64.00 MB reserved,      11.25 MB ( 18%) committed,  1 nodes.
      Class space:        1.00 GB reserved,       1.50 MB ( <1%) committed,  1 nodes.
             Both:        1.06 GB reserved,      12.75 MB (  1%) committed. 

Chunk freelists:
   Non-Class:  480.00 KB
       Class:  2.51 MB
        Both:  2.98 MB

MaxMetaspaceSize: unlimited
CompressedClassSpaceSize: 1.00 GB
Initial GC threshold: 21.00 MB
Current GC threshold: 21.00 MB
CDS: on
MetaspaceReclaimPolicy: balanced
 - commit_granule_bytes: 65536.
 - commit_granule_words: 8192.
 - virtual_space_node_default_size: 8388608.
 - enlarge_chunks_in_place: 1.
 - new_chunks_are_fully_committed: 0.
 - uncommit_free_chunks: 1.
 - use_allocation_guard: 0.


Internal statistics:

num_allocs_failed_limit: 0.
num_arena_births: 198.
num_arena_deaths: 0.
num_vsnodes_births: 2.
num_vsnodes_deaths: 0.
num_space_committed: 204.
num_space_uncommitted: 0.
num_chunks_returned_to_freelist: 0.
num_chunks_taken_from_freelist: 308.
num_chunk_merges: 0.
num_chunk_splits: 178.
num_chunks_enlarged: 94.
num_inconsistent_stats: 0.

CodeHeap 'non-profiled nmethods': size=120000Kb used=613Kb max_used=613Kb free=119386Kb
 bounds [0x00000268e9e80000, 0x00000268ea0f0000, 0x00000268f13b0000]
CodeHeap 'profiled nmethods': size=120000Kb used=3934Kb max_used=3934Kb free=116065Kb
 bounds [0x00000268e23b0000, 0x00000268e2790000, 0x00000268e98e0000]
CodeHeap 'non-nmethods': size=5760Kb used=1691Kb max_used=1742Kb free=4068Kb
 bounds [0x00000268e98e0000, 0x00000268e9b50000, 0x00000268e9e80000]
 total_blobs=2805 nmethods=2117 adapters=598
 compilation: enabled
              stopped_count=0, restarted_count=0
 full_count=0

Compilation events (20 events):
Event: 25.125 Thread 0x00000268f6bfe720 nmethod 2107 0x00000268e277d710 code [0x00000268e277d8e0, 0x00000268e277de58]
Event: 25.125 Thread 0x00000268f6bfe720 2108       3       javax.swing.LayoutComparator::compare (457 bytes)
Event: 25.126 Thread 0x00000268f6bab200 2110       4       java.util.ArrayList::elementData (7 bytes)
Event: 25.127 Thread 0x00000268f6bab200 nmethod 2110 0x00000268e9f18e90 code [0x00000268e9f19000, 0x00000268e9f190c0]
Event: 25.132 Thread 0x00000268f6bfe720 nmethod 2108 0x00000268e277df90 code [0x00000268e277e4c0, 0x00000268e27814c8]
Event: 25.133 Thread 0x00000268f6bfe720 2109       3       javax.swing.LayoutComparator::compare (13 bytes)
Event: 25.134 Thread 0x00000268f6bfe720 nmethod 2109 0x00000268e2782090 code [0x00000268e2782240, 0x00000268e2782558]
Event: 25.137 Thread 0x00000268fce42830 2111   !   4       sun.awt.PostEventQueue::flush (168 bytes)
Event: 25.137 Thread 0x00000268f6bfe720 2112       3       sun.java2d.SunGraphics2D::constrain (11 bytes)
Event: 25.138 Thread 0x00000268f6bfe720 nmethod 2112 0x00000268e2782610 code [0x00000268e27827a0, 0x00000268e27828e0]
Event: 25.156 Thread 0x00000268f6bfe720 2113       3       javax.swing.JComponent::getInsets (23 bytes)
Event: 25.157 Thread 0x00000268f6bfe720 nmethod 2113 0x00000268e2782990 code [0x00000268e2782b40, 0x00000268e2782e88]
Event: 25.157 Thread 0x00000268f6bfe720 2114       1       javax.swing.text.DefaultCaret::getDot (5 bytes)
Event: 25.158 Thread 0x00000268f6bfe720 nmethod 2114 0x00000268e9f19190 code [0x00000268e9f19300, 0x00000268e9f193c8]
Event: 25.353 Thread 0x00000268f6bfe720 2115       3       sun.awt.windows.WComponentPeer::handleJavaMouseEvent (75 bytes)
Event: 25.355 Thread 0x00000268f6bfe720 nmethod 2115 0x00000268e2782f90 code [0x00000268e2783240, 0x00000268e2784208]
Event: 25.377 Thread 0x00000268f6bfe720 2116   !   3       java.util.concurrent.locks.AbstractQueuedSynchronizer$ConditionObject::await (185 bytes)
Event: 25.382 Thread 0x00000268f6bfe720 nmethod 2116 0x00000268e2784790 code [0x00000268e2784ae0, 0x00000268e2786070]
Event: 25.382 Thread 0x00000268f6bfe720 2117   !   3       sun.awt.AWTAutoShutdown::notifyThreadFree (74 bytes)
Event: 25.382 Thread 0x00000268f6bfe720 nmethod 2117 0x00000268e2786890 code [0x00000268e2786a60, 0x00000268e2786f68]

GC Heap History (2 events):
Event: 4.887 GC heap before
{Heap before GC invocations=0 (full 0):
 garbage-first heap   total 131072K, used 17408K [0x0000000081c00000, 0x0000000100000000)
  region size 1024K, 13 young (13312K), 0 survivors (0K)
 Metaspace       used 8775K, committed 8960K, reserved 1114112K
  class space    used 967K, committed 1024K, reserved 1048576K
}
Event: 4.900 GC heap after
{Heap after GC invocations=1 (full 0):
 garbage-first heap   total 131072K, used 8528K [0x0000000081c00000, 0x0000000100000000)
  region size 1024K, 2 young (2048K), 2 survivors (2048K)
 Metaspace       used 8775K, committed 8960K, reserved 1114112K
  class space    used 967K, committed 1024K, reserved 1048576K
}

Dll operation events (11 events):
Event: 0.032 Loaded shared library C:\Users\SMP2K2\Downloads\jdk-20_windows-x64_bin\jdk-20\bin\java.dll
Event: 0.060 Loaded shared library C:\Users\SMP2K2\Downloads\jdk-20_windows-x64_bin\jdk-20\bin\jsvml.dll
Event: 0.285 Loaded shared library C:\Users\SMP2K2\Downloads\jdk-20_windows-x64_bin\jdk-20\bin\net.dll
Event: 0.300 Loaded shared library C:\Users\SMP2K2\Downloads\jdk-20_windows-x64_bin\jdk-20\bin\nio.dll
Event: 0.461 Loaded shared library C:\Users\SMP2K2\Downloads\jdk-20_windows-x64_bin\jdk-20\bin\zip.dll
Event: 0.544 Loaded shared library C:\Users\SMP2K2\Downloads\jdk-20_windows-x64_bin\jdk-20\bin\jimage.dll
Event: 0.573 Loaded shared library C:\Users\SMP2K2\Downloads\jdk-20_windows-x64_bin\jdk-20\bin\awt.dll
Event: 1.042 Loaded shared library C:\Users\SMP2K2\Downloads\jdk-20_windows-x64_bin\jdk-20\bin\freetype.dll
Event: 1.044 Loaded shared library C:\Users\SMP2K2\Downloads\jdk-20_windows-x64_bin\jdk-20\bin\fontmanager.dll
Event: 7.538 Loaded shared library C:\Users\SMP2K2\AppData\Local\Temp\sqlite-3.41.2.1-478e028a-b467-4f6f-bbc2-c7aef81dd11e-sqlitejdbc.dll
Event: 7.860 Loaded shared library C:\Users\SMP2K2\Downloads\jdk-20_windows-x64_bin\jdk-20\bin\javajpeg.dll

Deoptimization events (20 events):
Event: 7.379 Thread 0x00000268fc8b1080 Uncommon trap: trap_request=0xffffffde fr.pc=0x00000268e9eda1ec relative=0x000000000000058c
Event: 7.379 Thread 0x00000268fc8b1080 Uncommon trap: reason=class_check action=maybe_recompile pc=0x00000268e9eda1ec method=java.util.regex.Matcher.search(I)Z @ 121 c2
Event: 7.379 Thread 0x00000268fc8b1080 DEOPT PACKING pc=0x00000268e9eda1ec sp=0x000000a471cfd960
Event: 7.379 Thread 0x00000268fc8b1080 DEOPT UNPACKING pc=0x00000268e9949d22 sp=0x000000a471cfd920 mode 2
Event: 7.484 Thread 0x00000268fc8b1080 DEOPT PACKING pc=0x00000268e263c623 sp=0x000000a471cfdae0
Event: 7.484 Thread 0x00000268fc8b1080 DEOPT UNPACKING pc=0x00000268e994a4c2 sp=0x000000a471cfcfe8 mode 0
Event: 7.525 Thread 0x00000268fc8b1080 Uncommon trap: trap_request=0xffffff45 fr.pc=0x00000268e9ee95cc relative=0x00000000000009ac
Event: 7.525 Thread 0x00000268fc8b1080 Uncommon trap: reason=unstable_if action=reinterpret pc=0x00000268e9ee95cc method=org.sqlite.SQLiteJDBCLoader.contentsEquals(Ljava/io/InputStream;Ljava/io/InputStream;)Z @ 39 c2
Event: 7.525 Thread 0x00000268fc8b1080 DEOPT PACKING pc=0x00000268e9ee95cc sp=0x000000a471cfdb10
Event: 7.525 Thread 0x00000268fc8b1080 DEOPT UNPACKING pc=0x00000268e9949d22 sp=0x000000a471cfdae8 mode 2
Event: 7.996 Thread 0x00000268fca06da0 DEOPT PACKING pc=0x00000268e247aa9c sp=0x000000a471afee70
Event: 7.996 Thread 0x00000268fca06da0 DEOPT UNPACKING pc=0x00000268e994a4c2 sp=0x000000a471afe2e0 mode 0
Event: 7.998 Thread 0x00000268fca06da0 DEOPT PACKING pc=0x00000268e247aa9c sp=0x000000a471afee70
Event: 7.998 Thread 0x00000268fca06da0 DEOPT UNPACKING pc=0x00000268e994a4c2 sp=0x000000a471afe2e0 mode 0
Event: 7.999 Thread 0x00000268fca06da0 DEOPT PACKING pc=0x00000268e247aa9c sp=0x000000a471afee70
Event: 7.999 Thread 0x00000268fca06da0 DEOPT UNPACKING pc=0x00000268e994a4c2 sp=0x000000a471afe2e0 mode 0
Event: 8.001 Thread 0x00000268fca06da0 DEOPT PACKING pc=0x00000268e247aa9c sp=0x000000a471afee70
Event: 8.001 Thread 0x00000268fca06da0 DEOPT UNPACKING pc=0x00000268e994a4c2 sp=0x000000a471afe2e0 mode 0
Event: 11.291 Thread 0x00000268fc8b1080 DEOPT PACKING pc=0x00000268e26ab2cc sp=0x000000a471cfe690
Event: 11.292 Thread 0x00000268fc8b1080 DEOPT UNPACKING pc=0x00000268e994a4c2 sp=0x000000a471cfdb28 mode 0

Classes loaded (20 events):
Event: 24.805 Loading class javax/swing/text/CompositeView
Event: 24.805 Loading class javax/swing/text/CompositeView done
Event: 24.805 Loading class javax/swing/text/BoxView done
Event: 24.806 Loading class javax/swing/text/WrappedPlainView done
Event: 24.807 Loading class javax/swing/text/WrappedPlainView$WrappedLine
Event: 24.807 Loading class javax/swing/text/WrappedPlainView$WrappedLine done
Event: 24.862 Loading class javax/swing/SizeRequirements
Event: 24.863 Loading class javax/swing/SizeRequirements done
Event: 24.917 Loading class java/awt/geom/Ellipse2D$Float
Event: 24.924 Loading class java/awt/geom/Ellipse2D
Event: 24.925 Loading class java/awt/geom/Ellipse2D done
Event: 24.925 Loading class java/awt/geom/Ellipse2D$Float done
Event: 24.925 Loading class sun/java2d/pipe/AAShapePipe$TileState
Event: 24.925 Loading class sun/java2d/pipe/AAShapePipe$TileState done
Event: 24.925 Loading class sun/java2d/ReentrantContextProvider$HardReference
Event: 24.925 Loading class sun/java2d/ReentrantContextProvider$HardReference done
Event: 24.926 Loading class java/awt/geom/EllipseIterator
Event: 24.926 Loading class java/awt/geom/EllipseIterator done
Event: 24.943 Loading class sun/java2d/marlin/ArrayCacheConst
Event: 24.944 Loading class sun/java2d/marlin/ArrayCacheConst done

Classes unloaded (0 events):
No events

Classes redefined (0 events):
No events

Internal exceptions (20 events):
Event: 0.868 Thread 0x00000268d8b2b3e0 Exception <a 'java/lang/ClassNotFoundException'{0x0000000089640788}: com/sun/swing/internal/plaf/basic/resources/spi/basicProvider> (0x0000000089640788) 
thrown [s\open\src\hotspot\share\classfile\systemDictionary.cpp, line 305]
Event: 0.887 Thread 0x00000268d8b2b3e0 Exception <a 'java/lang/NoSuchMethodError'{0x000000008965fb78}: 'int java.lang.invoke.Invokers$Holder.invokeExact_MT(java.lang.Object, java.lang.Object)'> (0x000000008965fb78) 
thrown [s\open\src\hotspot\share\interpreter\linkResolver.cpp, line 773]
Event: 0.909 Thread 0x00000268fb0fef90 Exception <a 'java/lang/NoSuchMethodError'{0x00000000896a0280}: 'java.lang.Object java.lang.invoke.DirectMethodHandle$Holder.newInvokeSpecial(java.lang.Object, java.lang.Object, java.lang.Object, int, int, int, int, int)'> (0x00000000896a0280) 
thrown [s\open\src\hotspot\share\interpreter\linkResolver.cpp, line 773]
Event: 1.191 Thread 0x00000268d8b2b3e0 Exception <a 'java/lang/NoSuchMethodError'{0x000000008947aab8}: 'void java.lang.invoke.DirectMethodHandle$Holder.invokeStaticInit(java.lang.Object)'> (0x000000008947aab8) 
thrown [s\open\src\hotspot\share\interpreter\linkResolver.cpp, line 773]
Event: 1.213 Thread 0x00000268d8b2b3e0 Exception <a 'sun/nio/fs/WindowsException'{0x00000000894ed610}> (0x00000000894ed610) 
thrown [s\open\src\hotspot\share\prims\jni.cpp, line 519]
Event: 7.109 Thread 0x00000268fc8b1080 Exception <a 'sun/nio/fs/WindowsException'{0x0000000089a385f8}> (0x0000000089a385f8) 
thrown [s\open\src\hotspot\share\prims\jni.cpp, line 519]
Event: 7.244 Thread 0x00000268fc8b1080 Exception <a 'java/lang/NoSuchMethodError'{0x00000000898a6ba0}: 'void java.lang.invoke.DirectMethodHandle$Holder.invokeStatic(java.lang.Object, java.lang.Object)'> (0x00000000898a6ba0) 
thrown [s\open\src\hotspot\share\interpreter\linkResolver.cpp, line 773]
Event: 7.293 Thread 0x00000268fc8b1080 Exception <a 'java/lang/NoSuchMethodError'{0x0000000089734368}: 'java.lang.Object java.lang.invoke.DirectMethodHandle$Holder.invokeStaticInit(java.lang.Object, int, int, int, int)'> (0x0000000089734368) 
thrown [s\open\src\hotspot\share\interpreter\linkResolver.cpp, line 773]
Event: 7.372 Thread 0x00000268fc8b1080 Exception <a 'java/lang/NoSuchMethodError'{0x000000008976a758}: 'java.lang.Object java.lang.invoke.DirectMethodHandle$Holder.invokeStaticInit(java.lang.Object, java.lang.Object, int, int, int, int)'> (0x000000008976a758) 
thrown [s\open\src\hotspot\share\interpreter\linkResolver.cpp, line 773]
Event: 7.380 Thread 0x00000268fc8b1080 Exception <a 'sun/nio/fs/WindowsException'{0x0000000089776a68}> (0x0000000089776a68) 
thrown [s\open\src\hotspot\share\prims\jni.cpp, line 519]
Event: 7.381 Thread 0x00000268fc8b1080 Exception <a 'sun/nio/fs/WindowsException'{0x000000008977e9f0}> (0x000000008977e9f0) 
thrown [s\open\src\hotspot\share\prims\jni.cpp, line 519]
Event: 7.390 Thread 0x00000268fc8b1080 Exception <a 'sun/nio/fs/WindowsException'{0x000000008977f748}> (0x000000008977f748) 
thrown [s\open\src\hotspot\share\prims\jni.cpp, line 519]
Event: 7.666 Thread 0x00000268fc8b1080 Exception <a 'java/lang/NoSuchMethodError'{0x0000000089646818}: 'java.lang.Object java.lang.invoke.DirectMethodHandle$Holder.newInvokeSpecial(java.lang.Object, java.lang.Object, int)'> (0x0000000089646818) 
thrown [s\open\src\hotspot\share\interpreter\linkResolver.cpp, line 773]
Event: 7.668 Thread 0x00000268fc8b1080 Exception <a 'java/lang/NoSuchMethodError'{0x000000008964ab78}: 'java.lang.Object java.lang.invoke.DirectMethodHandle$Holder.invokeSpecial(java.lang.Object, java.lang.Object, int, java.lang.Object, long)'> (0x000000008964ab78) 
thrown [s\open\src\hotspot\share\interpreter\linkResolver.cpp, line 773]
Event: 8.151 Thread 0x00000268fc8b1080 Exception <a 'sun/nio/fs/WindowsException'{0x00000000893cd668}> (0x00000000893cd668) 
thrown [s\open\src\hotspot\share\prims\jni.cpp, line 519]
Event: 8.166 Thread 0x00000268fc8b1080 Exception <a 'java/lang/NoSuchMethodError'{0x00000000893dfba8}: 'java.lang.Object java.lang.invoke.DirectMethodHandle$Holder.newInvokeSpecial(java.lang.Object, java.lang.Object, long)'> (0x00000000893dfba8) 
thrown [s\open\src\hotspot\share\interpreter\linkResolver.cpp, line 773]
Event: 8.167 Thread 0x00000268fc8b1080 Exception <a 'java/lang/NoSuchMethodError'{0x00000000893e3540}: 'java.lang.Object java.lang.invoke.Invokers$Holder.linkToTargetMethod(java.lang.Object, long, java.lang.Object)'> (0x00000000893e3540) 
thrown [s\open\src\hotspot\share\interpreter\linkResolver.cpp, line 773]
Event: 12.668 Thread 0x00000268fc8b1080 Exception <a 'java/lang/NullPointerException'{0x00000000891347a8}> (0x00000000891347a8) 
thrown [s\open\src\hotspot\share\interpreter\linkResolver.cpp, line 1373]
Event: 18.053 Thread 0x00000268fc8b1080 Exception <a 'java/lang/NullPointerException'{0x0000000089195bc8}> (0x0000000089195bc8) 
thrown [s\open\src\hotspot\share\interpreter\linkResolver.cpp, line 1373]
Event: 19.592 Thread 0x00000268fc8b1080 Exception <a 'java/lang/NullPointerException'{0x00000000891d7350}> (0x00000000891d7350) 
thrown [s\open\src\hotspot\share\interpreter\linkResolver.cpp, line 1373]

VM Operations (20 events):
Event: 11.178 Executing VM operation: HandshakeAllThreads
Event: 11.178 Executing VM operation: HandshakeAllThreads done
Event: 12.182 Executing VM operation: Cleanup
Event: 12.183 Executing VM operation: Cleanup done
Event: 13.187 Executing VM operation: Cleanup
Event: 13.188 Executing VM operation: Cleanup done
Event: 15.207 Executing VM operation: Cleanup
Event: 15.208 Executing VM operation: Cleanup done
Event: 16.217 Executing VM operation: Cleanup
Event: 16.218 Executing VM operation: Cleanup done
Event: 18.245 Executing VM operation: Cleanup
Event: 18.245 Executing VM operation: Cleanup done
Event: 19.255 Executing VM operation: Cleanup
Event: 19.255 Executing VM operation: Cleanup done
Event: 24.303 Executing VM operation: Cleanup
Event: 24.304 Executing VM operation: Cleanup done
Event: 24.773 Executing VM operation: HandshakeAllThreads
Event: 24.773 Executing VM operation: HandshakeAllThreads done
Event: 24.926 Executing VM operation: HandshakeAllThreads
Event: 24.926 Executing VM operation: HandshakeAllThreads done

Events (20 events):
Event: 0.101 Thread 0x00000268f6bab200 Thread added: 0x00000268f6bab200
Event: 0.116 Thread 0x00000268f6bfe720 Thread added: 0x00000268f6bfe720
Event: 0.264 Thread 0x00000268f6b6f840 Thread added: 0x00000268f6b6f840
Event: 0.498 Thread 0x00000268fae69a60 Thread added: 0x00000268fae69a60
Event: 0.695 Thread 0x00000268fafab2c0 Thread added: 0x00000268fafab2c0
Event: 0.698 Thread 0x00000268fafab810 Thread added: 0x00000268fafab810
Event: 0.700 Thread 0x00000268fafabe30 Thread added: 0x00000268fafabe30
Event: 0.899 Thread 0x00000268fb0fef90 Thread added: 0x00000268fb0fef90
Event: 0.969 Thread 0x00000268fc6c5f90 Thread added: 0x00000268fc6c5f90
Event: 1.164 Thread 0x00000268fc8b1080 Thread added: 0x00000268fc8b1080
Event: 1.280 Thread 0x00000268d8b2b3e0 Thread exited: 0x00000268d8b2b3e0
Event: 1.280 Thread 0x00000268d8b2b3e0 Thread added: 0x00000268d8b2b3e0
Event: 4.742 Thread 0x00000268fc9c83f0 Thread added: 0x00000268fc9c83f0
Event: 5.992 Thread 0x00000268fb0fef90 Thread exited: 0x00000268fb0fef90
Event: 5.992 Thread 0x00000268fc6c5f90 Thread exited: 0x00000268fc6c5f90
Event: 7.799 Thread 0x00000268fca06da0 Thread added: 0x00000268fca06da0
Event: 12.671 Thread 0x00000268fca9e6c0 Thread added: 0x00000268fca9e6c0
Event: 12.884 Thread 0x00000268fca9e6c0 Thread exited: 0x00000268fca9e6c0
Event: 13.002 Thread 0x00000268fca06da0 Thread exited: 0x00000268fca06da0
Event: 24.943 Thread 0x00000268fce42830 Thread added: 0x00000268fce42830


Dynamic libraries:
0x00007ff7055e0000 - 0x00007ff7055f0000 	C:\Users\SMP2K2\Downloads\jdk-20_windows-x64_bin\jdk-20\bin\javaw.exe
0x00007ffbba390000 - 0x00007ffbba5a4000 	C:\Windows\SYSTEM32\ntdll.dll
0x00007ffbba200000 - 0x00007ffbba2c2000 	C:\Windows\System32\KERNEL32.DLL
0x00007ffbb79b0000 - 0x00007ffbb7d4c000 	C:\Windows\System32\KERNELBASE.dll
0x00007ffbb7890000 - 0x00007ffbb79a1000 	C:\Windows\System32\ucrtbase.dll
0x00007ffba41a0000 - 0x00007ffba41bb000 	C:\Users\SMP2K2\Downloads\jdk-20_windows-x64_bin\jdk-20\bin\VCRUNTIME140.dll
0x00007ffbae440000 - 0x00007ffbae459000 	C:\Users\SMP2K2\Downloads\jdk-20_windows-x64_bin\jdk-20\bin\jli.dll
0x00007ffbb81d0000 - 0x00007ffbb827e000 	C:\Windows\System32\ADVAPI32.dll
0x00007ffbb9030000 - 0x00007ffbb90d7000 	C:\Windows\System32\msvcrt.dll
0x00007ffbb84d0000 - 0x00007ffbb8574000 	C:\Windows\System32\sechost.dll
0x00007ffbb8720000 - 0x00007ffbb8837000 	C:\Windows\System32\RPCRT4.dll
0x00007ffbb9aa0000 - 0x00007ffbb9c4b000 	C:\Windows\System32\USER32.dll
0x00007ffbb7dd0000 - 0x00007ffbb7df6000 	C:\Windows\System32\win32u.dll
0x00007ffbb90e0000 - 0x00007ffbb9109000 	C:\Windows\System32\GDI32.dll
0x00007ffbb7f10000 - 0x00007ffbb8023000 	C:\Windows\System32\gdi32full.dll
0x00007ffbb7e00000 - 0x00007ffbb7e9a000 	C:\Windows\System32\msvcp_win.dll
0x00007ffb9e640000 - 0x00007ffb9e8ce000 	C:\Windows\WinSxS\amd64_microsoft.windows.common-controls_6595b64144ccf1df_6.0.22621.608_none_a9444ca7c10bb01d\COMCTL32.dll
0x00007ffbadd20000 - 0x00007ffbadd2a000 	C:\Windows\SYSTEM32\VERSION.dll
0x00007ffbb82d0000 - 0x00007ffbb8301000 	C:\Windows\System32\IMM32.DLL
0x00007ffba6610000 - 0x00007ffba661c000 	C:\Users\SMP2K2\Downloads\jdk-20_windows-x64_bin\jdk-20\bin\vcruntime140_1.dll
0x00007ffb84cf0000 - 0x00007ffb84d7e000 	C:\Users\SMP2K2\Downloads\jdk-20_windows-x64_bin\jdk-20\bin\msvcp140.dll
0x00007ffb5aee0000 - 0x00007ffb5bb77000 	C:\Users\SMP2K2\Downloads\jdk-20_windows-x64_bin\jdk-20\bin\server\jvm.dll
0x00007ffbb0e60000 - 0x00007ffbb0e94000 	C:\Windows\SYSTEM32\WINMM.dll
0x00007ffba1ca0000 - 0x00007ffba1ca9000 	C:\Windows\SYSTEM32\WSOCK32.dll
0x00007ffbba2d0000 - 0x00007ffbba341000 	C:\Windows\System32\WS2_32.dll
0x00007ffbb6910000 - 0x00007ffbb6928000 	C:\Windows\SYSTEM32\kernel.appcore.dll
0x00007ffba6290000 - 0x00007ffba629a000 	C:\Users\SMP2K2\Downloads\jdk-20_windows-x64_bin\jdk-20\bin\jimage.dll
0x00007ffbb1d00000 - 0x00007ffbb1f2e000 	C:\Windows\SYSTEM32\DBGHELP.DLL
0x00007ffbb9c50000 - 0x00007ffbb9fd9000 	C:\Windows\System32\combase.dll
0x00007ffbb99c0000 - 0x00007ffbb9a97000 	C:\Windows\System32\OLEAUT32.dll
0x00007ffb9bb20000 - 0x00007ffb9bb52000 	C:\Windows\SYSTEM32\dbgcore.DLL
0x00007ffbb7d50000 - 0x00007ffbb7dcb000 	C:\Windows\System32\bcryptPrimitives.dll
0x00007ffba40a0000 - 0x00007ffba40c6000 	C:\Users\SMP2K2\Downloads\jdk-20_windows-x64_bin\jdk-20\bin\java.dll
0x00007ffb80820000 - 0x00007ffb808f7000 	C:\Users\SMP2K2\Downloads\jdk-20_windows-x64_bin\jdk-20\bin\jsvml.dll
0x00007ffbb8840000 - 0x00007ffbb9030000 	C:\Windows\System32\SHELL32.dll
0x00007ffbb57f0000 - 0x00007ffbb60bd000 	C:\Windows\SYSTEM32\windows.storage.dll
0x00007ffbb56b0000 - 0x00007ffbb57ee000 	C:\Windows\SYSTEM32\wintypes.dll
0x00007ffbb91d0000 - 0x00007ffbb92c1000 	C:\Windows\System32\SHCORE.dll
0x00007ffbb9950000 - 0x00007ffbb99ae000 	C:\Windows\System32\shlwapi.dll
0x00007ffbb7700000 - 0x00007ffbb7721000 	C:\Windows\SYSTEM32\profapi.dll
0x00007ffba4180000 - 0x00007ffba4193000 	C:\Users\SMP2K2\Downloads\jdk-20_windows-x64_bin\jdk-20\bin\net.dll
0x00007ffbaec00000 - 0x00007ffbaed37000 	C:\Windows\SYSTEM32\WINHTTP.dll
0x00007ffbb6d80000 - 0x00007ffbb6de9000 	C:\Windows\system32\mswsock.dll
0x00007ffba2cc0000 - 0x00007ffba2cd6000 	C:\Users\SMP2K2\Downloads\jdk-20_windows-x64_bin\jdk-20\bin\nio.dll
0x00007ffba2c50000 - 0x00007ffba2c68000 	C:\Users\SMP2K2\Downloads\jdk-20_windows-x64_bin\jdk-20\bin\zip.dll
0x00007ffb7fa70000 - 0x00007ffb7fc01000 	C:\Users\SMP2K2\Downloads\jdk-20_windows-x64_bin\jdk-20\bin\awt.dll
0x00007ffbb4c20000 - 0x00007ffbb4cb6000 	C:\Windows\SYSTEM32\apphelp.dll
0x00007ffbb4fa0000 - 0x00007ffbb4fcb000 	C:\Windows\system32\DWMAPI.DLL
0x00007ffbb4d10000 - 0x00007ffbb4dbb000 	C:\Windows\system32\uxtheme.dll
0x00007ffb95820000 - 0x00007ffb95920000 	C:\Windows\system32\opengl32.dll
0x00007ffb98a90000 - 0x00007ffb98abd000 	C:\Windows\SYSTEM32\GLU32.dll
0x00007ffbb5020000 - 0x00007ffbb5056000 	C:\Windows\SYSTEM32\dxcore.dll
0x00007ffbb92f0000 - 0x00007ffbb940e000 	C:\Windows\System32\MSCTF.dll
0x00007ffbb8580000 - 0x00007ffbb871c000 	C:\Windows\System32\ole32.dll
0x00007ffb82f30000 - 0x00007ffb82fb6000 	C:\Users\SMP2K2\Downloads\jdk-20_windows-x64_bin\jdk-20\bin\freetype.dll
0x00007ffb80750000 - 0x00007ffb80816000 	C:\Users\SMP2K2\Downloads\jdk-20_windows-x64_bin\jdk-20\bin\fontmanager.dll
0x00007ffbb9410000 - 0x00007ffbb94c0000 	C:\Windows\System32\clbcatq.dll
0x00007ffbb3170000 - 0x00007ffbb3320000 	C:\Windows\SYSTEM32\WindowsCodecs.dll
0x00007ffb96e30000 - 0x00007ffb96e8e000 	C:\Windows\system32\dataexchange.dll
0x00007ffbaf420000 - 0x00007ffbaf68a000 	C:\Windows\system32\twinapi.appcore.dll
0x00007ffba1d00000 - 0x00007ffba1e2e000 	C:\Windows\SYSTEM32\textinputframework.dll
0x00007ffbb4940000 - 0x00007ffbb4a73000 	C:\Windows\SYSTEM32\CoreMessaging.dll
0x00007ffbb07a0000 - 0x00007ffbb0b0c000 	C:\Windows\SYSTEM32\CoreUIComponents.dll
0x00007ffbb6fe0000 - 0x00007ffbb6fec000 	C:\Windows\SYSTEM32\CRYPTBASE.DLL
0x00007ffbb6ff0000 - 0x00007ffbb700b000 	C:\Windows\SYSTEM32\CRYPTSP.dll
0x00007ffbb6880000 - 0x00007ffbb68b5000 	C:\Windows\system32\rsaenh.dll
0x00007ffbb6e80000 - 0x00007ffbb6ea8000 	C:\Windows\SYSTEM32\USERENV.dll
0x00007ffbb71a0000 - 0x00007ffbb71c8000 	C:\Windows\SYSTEM32\bcrypt.dll
0x00007ffbb6380000 - 0x00007ffbb63ad000 	C:\Windows\SYSTEM32\IPHLPAPI.DLL
0x00007ffbb94c0000 - 0x00007ffbb94c9000 	C:\Windows\System32\NSI.dll
0x00007ffbaeb10000 - 0x00007ffbaeb29000 	C:\Windows\SYSTEM32\dhcpcsvc6.DLL
0x00007ffbaeaf0000 - 0x00007ffbaeb0f000 	C:\Windows\SYSTEM32\dhcpcsvc.DLL
0x00007ffbb63f0000 - 0x00007ffbb64e3000 	C:\Windows\SYSTEM32\DNSAPI.dll
0x00007ffb77b80000 - 0x00007ffb77c69000 	C:\Users\SMP2K2\AppData\Local\Temp\sqlite-3.41.2.1-478e028a-b467-4f6f-bbc2-c7aef81dd11e-sqlitejdbc.dll
0x00007ffb9cb00000 - 0x00007ffb9cb2e000 	C:\Users\SMP2K2\Downloads\jdk-20_windows-x64_bin\jdk-20\bin\javajpeg.dll

dbghelp: loaded successfully - version: 4.0.5 - missing functions: none
symbol engine: initialized successfully - sym options: 0x614 - pdb path: .;C:\Users\SMP2K2\Downloads\jdk-20_windows-x64_bin\jdk-20\bin;C:\Windows\SYSTEM32;C:\Windows\WinSxS\amd64_microsoft.windows.common-controls_6595b64144ccf1df_6.0.22621.608_none_a9444ca7c10bb01d;C:\Users\SMP2K2\Downloads\jdk-20_windows-x64_bin\jdk-20\bin\server;C:\Users\SMP2K2\AppData\Local\Temp

VM Arguments:
jvm_args: -Dfile.encoding=UTF-8 --module-path=C:\Users\SMP2K2\eclipse-workspace\Project\out\production\Project;C:\Users\SMP2K2\Downloads\sqlite-jdbc-3.41.2.1.jar -XX:+ShowCodeDetailsInExceptionMessages -Djdk.module.main=Project 
java_command: Project/com.company.LpAirline
java_class_path (initial): <not set>
Launcher Type: SUN_STANDARD

[Global flags]
     intx CICompilerCount                          = 3                                         {product} {ergonomic}
     uint ConcGCThreads                            = 1                                         {product} {ergonomic}
     uint G1ConcRefinementThreads                  = 4                                         {product} {ergonomic}
   size_t G1HeapRegionSize                         = 1048576                                   {product} {ergonomic}
    uintx GCDrainStackTargetSize                   = 64                                        {product} {ergonomic}
   size_t InitialHeapSize                          = 134217728                                 {product} {ergonomic}
   size_t MarkStackSize                            = 4194304                                   {product} {ergonomic}
   size_t MaxHeapSize                              = 2118123520                                {product} {ergonomic}
   size_t MaxNewSize                               = 1270874112                                {product} {ergonomic}
   size_t MinHeapDeltaBytes                        = 1048576                                   {product} {ergonomic}
   size_t MinHeapSize                              = 8388608                                   {product} {ergonomic}
    uintx NonNMethodCodeHeapSize                   = 5832780                                {pd product} {ergonomic}
    uintx NonProfiledCodeHeapSize                  = 122912730                              {pd product} {ergonomic}
    uintx ProfiledCodeHeapSize                     = 122912730                              {pd product} {ergonomic}
    uintx ReservedCodeCacheSize                    = 251658240                              {pd product} {ergonomic}
     bool SegmentedCodeCache                       = true                                      {product} {ergonomic}
     bool ShowCodeDetailsInExceptionMessages       = true                                   {manageable} {command line}
   size_t SoftMaxHeapSize                          = 2118123520                             {manageable} {ergonomic}
     bool UseCompressedClassPointers               = true                           {product lp64_product} {ergonomic}
     bool UseCompressedOops                        = true                           {product lp64_product} {ergonomic}
     bool UseG1GC                                  = true                                      {product} {ergonomic}
     bool UseLargePagesIndividualAllocation        = false                                  {pd product} {ergonomic}

Logging:
Log output configuration:
 #0: stdout all=warning uptime,level,tags foldmultilines=false
 #1: stderr all=off uptime,level,tags foldmultilines=false

Environment Variables:
PATH=C:/Users/SMP2K2/.p2/pool/plugins/org.eclipse.justj.openjdk.hotspot.jre.full.win32.x86_64_20.0.0.v20230324-1243/jre/bin/server;C:/Users/SMP2K2/.p2/pool/plugins/org.eclipse.justj.openjdk.hotspot.jre.full.win32.x86_64_20.0.0.v20230324-1243/jre/bin;C:\Windows\system32;C:\Windows;C:\Windows\System32\Wbem;C:\Windows\System32\WindowsPowerShell\v1.0\;C:\Windows\System32\OpenSSH\;C:\Program Files\Git\cmd;C:\Users\SMP2K2\AppData\Local\Microsoft\WindowsApps;;C:\Users\SMP2K2\Desktop;
USERNAME=SMP2K2
OS=Windows_NT
PROCESSOR_IDENTIFIER=Intel64 Family 6 Model 78 Stepping 3, GenuineIntel
TMP=C:\Users\SMP2K2\AppData\Local\Temp
TEMP=C:\Users\SMP2K2\AppData\Local\Temp




---------------  S Y S T E M  ---------------

OS:
 Windows 11 , 64 bit Build 22621 (10.0.22621.1485)
OS uptime: 1 days 14:43 hours

CPU: total 4 (initial active 4) (2 cores per cpu, 2 threads per core) family 6 model 78 stepping 3 microcode 0xd6, cx8, cmov, fxsr, ht, mmx, 3dnowpref, sse, sse2, sse3, ssse3, sse4.1, sse4.2, popcnt, lzcnt, tsc, tscinvbit, avx, avx2, aes, erms, clmul, bmi1, bmi2, rtm, adx, fma, vzeroupper, clflush, clflushopt, rdtscp, f16c

Memory: 4k page, system-wide physical 8076M (501M free)
TotalPageFile size 23246M (AvailPageFile size 5M)
current process WorkingSet (physical memory assigned to process): 126M, peak: 127M
current process commit charge ("private bytes"): 252M, peak: 253M

vm_info: Java HotSpot(TM) 64-Bit Server VM (20+36-2344) for windows-amd64 JRE (20+36-2344), built on 2023-02-10T19:30:15Z by "mach5one" with MS VC++ 17.1 (VS2022)

END.
